C:\USERS\TYLERNOCKS\DESKTOP\USERS\TYLERNOCKS FILES\PROGRAMS\C AND C++\SORA ENGINE\SORA ENGINE 1.0 (SOURCE)\SORA ENGINE 1.0 (SOURCE)\DEBUG\GAME.OBJ
C:\USERS\TYLERNOCKS\DESKTOP\USERS\TYLERNOCKS FILES\PROGRAMS\C AND C++\SORA ENGINE\SORA ENGINE 1.0 (SOURCE)\SORA ENGINE 1.0 (SOURCE)\DEBUG\MAIN.OBJ
C:\USERS\TYLERNOCKS\DESKTOP\USERS\TYLERNOCKS FILES\PROGRAMS\C AND C++\SORA ENGINE\SORA ENGINE 1.0 (SOURCE)\SORA ENGINE 1.0 (SOURCE)\DEBUG\VC110.PDB
C:\USERS\TYLERNOCKS\DESKTOP\USERS\TYLERNOCKS FILES\PROGRAMS\C AND C++\SORA ENGINE\SORA ENGINE 1.0 (SOURCE)\DEBUG\SORA ENGINE 1.0 (SOURCE).ILK
C:\USERS\TYLERNOCKS\DESKTOP\USERS\TYLERNOCKS FILES\PROGRAMS\C AND C++\SORA ENGINE\SORA ENGINE 1.0 (SOURCE)\DEBUG\SORA ENGINE 1.0 (SOURCE).EXE
C:\USERS\TYLERNOCKS\DESKTOP\USERS\TYLERNOCKS FILES\PROGRAMS\C AND C++\SORA ENGINE\SORA ENGINE 1.0 (SOURCE)\DEBUG\SORA ENGINE 1.0 (SOURCE).PDB
C:\Users\TylerNocks\Desktop\Users\TylerNocks Files\Programs\C and C++\Sora Engine\Sora Engine 1.0 (Source)\Sora Engine 1.0 (Source)\Debug\Game.obj
C:\Users\TylerNocks\Desktop\Users\TylerNocks Files\Programs\C and C++\Sora Engine\Sora Engine 1.0 (Source)\Sora Engine 1.0 (Source)\Debug\Main.obj
C:\Users\TylerNocks\Desktop\Users\TylerNocks Files\Programs\C and C++\Sora Engine\Sora Engine 1.0 (Source)\Sora Engine 1.0 (Source)\Debug\cl.command.1.tlog
C:\Users\TylerNocks\Desktop\Users\TylerNocks Files\Programs\C and C++\Sora Engine\Sora Engine 1.0 (Source)\Sora Engine 1.0 (Source)\Debug\CL.read.1.tlog
C:\Users\TylerNocks\Desktop\Users\TylerNocks Files\Programs\C and C++\Sora Engine\Sora Engine 1.0 (Source)\Sora Engine 1.0 (Source)\Debug\CL.write.1.tlog
C:\Users\TylerNocks\Desktop\Users\TylerNocks Files\Programs\C and C++\Sora Engine\Sora Engine 1.0 (Source)\Sora Engine 1.0 (Source)\Debug\link-cvtres.read.1.tlog
C:\Users\TylerNocks\Desktop\Users\TylerNocks Files\Programs\C and C++\Sora Engine\Sora Engine 1.0 (Source)\Sora Engine 1.0 (Source)\Debug\link-cvtres.write.1.tlog
C:\Users\TylerNocks\Desktop\Users\TylerNocks Files\Programs\C and C++\Sora Engine\Sora Engine 1.0 (Source)\Sora Engine 1.0 (Source)\Debug\link-rc.read.1.tlog
C:\Users\TylerNocks\Desktop\Users\TylerNocks Files\Programs\C and C++\Sora Engine\Sora Engine 1.0 (Source)\Sora Engine 1.0 (Source)\Debug\link-rc.write.1.tlog
C:\Users\TylerNocks\Desktop\Users\TylerNocks Files\Programs\C and C++\Sora Engine\Sora Engine 1.0 (Source)\Sora Engine 1.0 (Source)\Debug\link.10232-cvtres.read.1.tlog
C:\Users\TylerNocks\Desktop\Users\TylerNocks Files\Programs\C and C++\Sora Engine\Sora Engine 1.0 (Source)\Sora Engine 1.0 (Source)\Debug\link.10232-cvtres.write.1.tlog
C:\Users\TylerNocks\Desktop\Users\TylerNocks Files\Programs\C and C++\Sora Engine\Sora Engine 1.0 (Source)\Sora Engine 1.0 (Source)\Debug\link.10232-rc.read.1.tlog
C:\Users\TylerNocks\Desktop\Users\TylerNocks Files\Programs\C and C++\Sora Engine\Sora Engine 1.0 (Source)\Sora Engine 1.0 (Source)\Debug\link.10232-rc.write.1.tlog
C:\Users\TylerNocks\Desktop\Users\TylerNocks Files\Programs\C and C++\Sora Engine\Sora Engine 1.0 (Source)\Sora Engine 1.0 (Source)\Debug\link.10232.read.1.tlog
C:\Users\TylerNocks\Desktop\Users\TylerNocks Files\Programs\C and C++\Sora Engine\Sora Engine 1.0 (Source)\Sora Engine 1.0 (Source)\Debug\link.10232.read.3.tlog
C:\Users\TylerNocks\Desktop\Users\TylerNocks Files\Programs\C and C++\Sora Engine\Sora Engine 1.0 (Source)\Sora Engine 1.0 (Source)\Debug\link.10232.write.1.tlog
C:\Users\TylerNocks\Desktop\Users\TylerNocks Files\Programs\C and C++\Sora Engine\Sora Engine 1.0 (Source)\Sora Engine 1.0 (Source)\Debug\link.10248-cvtres.read.1.tlog
C:\Users\TylerNocks\Desktop\Users\TylerNocks Files\Programs\C and C++\Sora Engine\Sora Engine 1.0 (Source)\Sora Engine 1.0 (Source)\Debug\link.10248-cvtres.write.1.tlog
C:\Users\TylerNocks\Desktop\Users\TylerNocks Files\Programs\C and C++\Sora Engine\Sora Engine 1.0 (Source)\Sora Engine 1.0 (Source)\Debug\link.10248-rc.read.1.tlog
C:\Users\TylerNocks\Desktop\Users\TylerNocks Files\Programs\C and C++\Sora Engine\Sora Engine 1.0 (Source)\Sora Engine 1.0 (Source)\Debug\link.10248-rc.write.1.tlog
C:\Users\TylerNocks\Desktop\Users\TylerNocks Files\Programs\C and C++\Sora Engine\Sora Engine 1.0 (Source)\Sora Engine 1.0 (Source)\Debug\link.10248.read.1.tlog
C:\Users\TylerNocks\Desktop\Users\TylerNocks Files\Programs\C and C++\Sora Engine\Sora Engine 1.0 (Source)\Sora Engine 1.0 (Source)\Debug\link.10248.read.3.tlog
C:\Users\TylerNocks\Desktop\Users\TylerNocks Files\Programs\C and C++\Sora Engine\Sora Engine 1.0 (Source)\Sora Engine 1.0 (Source)\Debug\link.10248.write.1.tlog
C:\Users\TylerNocks\Desktop\Users\TylerNocks Files\Programs\C and C++\Sora Engine\Sora Engine 1.0 (Source)\Sora Engine 1.0 (Source)\Debug\link.10380-cvtres.read.1.tlog
C:\Users\TylerNocks\Desktop\Users\TylerNocks Files\Programs\C and C++\Sora Engine\Sora Engine 1.0 (Source)\Sora Engine 1.0 (Source)\Debug\link.10380-cvtres.write.1.tlog
C:\Users\TylerNocks\Desktop\Users\TylerNocks Files\Programs\C and C++\Sora Engine\Sora Engine 1.0 (Source)\Sora Engine 1.0 (Source)\Debug\link.10380-rc.read.1.tlog
C:\Users\TylerNocks\Desktop\Users\TylerNocks Files\Programs\C and C++\Sora Engine\Sora Engine 1.0 (Source)\Sora Engine 1.0 (Source)\Debug\link.10380-rc.write.1.tlog
C:\Users\TylerNocks\Desktop\Users\TylerNocks Files\Programs\C and C++\Sora Engine\Sora Engine 1.0 (Source)\Sora Engine 1.0 (Source)\Debug\link.10380.read.1.tlog
C:\Users\TylerNocks\Desktop\Users\TylerNocks Files\Programs\C and C++\Sora Engine\Sora Engine 1.0 (Source)\Sora Engine 1.0 (Source)\Debug\link.10380.read.3.tlog
C:\Users\TylerNocks\Desktop\Users\TylerNocks Files\Programs\C and C++\Sora Engine\Sora Engine 1.0 (Source)\Sora Engine 1.0 (Source)\Debug\link.10380.write.1.tlog
C:\Users\TylerNocks\Desktop\Users\TylerNocks Files\Programs\C and C++\Sora Engine\Sora Engine 1.0 (Source)\Sora Engine 1.0 (Source)\Debug\link.10672-cvtres.read.1.tlog
C:\Users\TylerNocks\Desktop\Users\TylerNocks Files\Programs\C and C++\Sora Engine\Sora Engine 1.0 (Source)\Sora Engine 1.0 (Source)\Debug\link.10672-cvtres.write.1.tlog
C:\Users\TylerNocks\Desktop\Users\TylerNocks Files\Programs\C and C++\Sora Engine\Sora Engine 1.0 (Source)\Sora Engine 1.0 (Source)\Debug\link.10672-rc.read.1.tlog
C:\Users\TylerNocks\Desktop\Users\TylerNocks Files\Programs\C and C++\Sora Engine\Sora Engine 1.0 (Source)\Sora Engine 1.0 (Source)\Debug\link.10672-rc.write.1.tlog
C:\Users\TylerNocks\Desktop\Users\TylerNocks Files\Programs\C and C++\Sora Engine\Sora Engine 1.0 (Source)\Sora Engine 1.0 (Source)\Debug\link.10672.read.1.tlog
C:\Users\TylerNocks\Desktop\Users\TylerNocks Files\Programs\C and C++\Sora Engine\Sora Engine 1.0 (Source)\Sora Engine 1.0 (Source)\Debug\link.10672.read.3.tlog
C:\Users\TylerNocks\Desktop\Users\TylerNocks Files\Programs\C and C++\Sora Engine\Sora Engine 1.0 (Source)\Sora Engine 1.0 (Source)\Debug\link.10672.write.1.tlog
C:\Users\TylerNocks\Desktop\Users\TylerNocks Files\Programs\C and C++\Sora Engine\Sora Engine 1.0 (Source)\Sora Engine 1.0 (Source)\Debug\link.11276-cvtres.read.1.tlog
C:\Users\TylerNocks\Desktop\Users\TylerNocks Files\Programs\C and C++\Sora Engine\Sora Engine 1.0 (Source)\Sora Engine 1.0 (Source)\Debug\link.11276-cvtres.write.1.tlog
C:\Users\TylerNocks\Desktop\Users\TylerNocks Files\Programs\C and C++\Sora Engine\Sora Engine 1.0 (Source)\Sora Engine 1.0 (Source)\Debug\link.11276-rc.read.1.tlog
C:\Users\TylerNocks\Desktop\Users\TylerNocks Files\Programs\C and C++\Sora Engine\Sora Engine 1.0 (Source)\Sora Engine 1.0 (Source)\Debug\link.11276-rc.write.1.tlog
C:\Users\TylerNocks\Desktop\Users\TylerNocks Files\Programs\C and C++\Sora Engine\Sora Engine 1.0 (Source)\Sora Engine 1.0 (Source)\Debug\link.11276.read.1.tlog
C:\Users\TylerNocks\Desktop\Users\TylerNocks Files\Programs\C and C++\Sora Engine\Sora Engine 1.0 (Source)\Sora Engine 1.0 (Source)\Debug\link.11276.read.3.tlog
C:\Users\TylerNocks\Desktop\Users\TylerNocks Files\Programs\C and C++\Sora Engine\Sora Engine 1.0 (Source)\Sora Engine 1.0 (Source)\Debug\link.11276.write.1.tlog
C:\Users\TylerNocks\Desktop\Users\TylerNocks Files\Programs\C and C++\Sora Engine\Sora Engine 1.0 (Source)\Sora Engine 1.0 (Source)\Debug\link.11460-cvtres.read.1.tlog
C:\Users\TylerNocks\Desktop\Users\TylerNocks Files\Programs\C and C++\Sora Engine\Sora Engine 1.0 (Source)\Sora Engine 1.0 (Source)\Debug\link.11460-cvtres.write.1.tlog
C:\Users\TylerNocks\Desktop\Users\TylerNocks Files\Programs\C and C++\Sora Engine\Sora Engine 1.0 (Source)\Sora Engine 1.0 (Source)\Debug\link.11460-rc.read.1.tlog
C:\Users\TylerNocks\Desktop\Users\TylerNocks Files\Programs\C and C++\Sora Engine\Sora Engine 1.0 (Source)\Sora Engine 1.0 (Source)\Debug\link.11460-rc.write.1.tlog
C:\Users\TylerNocks\Desktop\Users\TylerNocks Files\Programs\C and C++\Sora Engine\Sora Engine 1.0 (Source)\Sora Engine 1.0 (Source)\Debug\link.11460.read.1.tlog
C:\Users\TylerNocks\Desktop\Users\TylerNocks Files\Programs\C and C++\Sora Engine\Sora Engine 1.0 (Source)\Sora Engine 1.0 (Source)\Debug\link.11460.read.3.tlog
C:\Users\TylerNocks\Desktop\Users\TylerNocks Files\Programs\C and C++\Sora Engine\Sora Engine 1.0 (Source)\Sora Engine 1.0 (Source)\Debug\link.11460.write.1.tlog
C:\Users\TylerNocks\Desktop\Users\TylerNocks Files\Programs\C and C++\Sora Engine\Sora Engine 1.0 (Source)\Sora Engine 1.0 (Source)\Debug\link.11528-cvtres.read.1.tlog
C:\Users\TylerNocks\Desktop\Users\TylerNocks Files\Programs\C and C++\Sora Engine\Sora Engine 1.0 (Source)\Sora Engine 1.0 (Source)\Debug\link.11528-cvtres.write.1.tlog
C:\Users\TylerNocks\Desktop\Users\TylerNocks Files\Programs\C and C++\Sora Engine\Sora Engine 1.0 (Source)\Sora Engine 1.0 (Source)\Debug\link.11528-rc.read.1.tlog
C:\Users\TylerNocks\Desktop\Users\TylerNocks Files\Programs\C and C++\Sora Engine\Sora Engine 1.0 (Source)\Sora Engine 1.0 (Source)\Debug\link.11528-rc.write.1.tlog
C:\Users\TylerNocks\Desktop\Users\TylerNocks Files\Programs\C and C++\Sora Engine\Sora Engine 1.0 (Source)\Sora Engine 1.0 (Source)\Debug\link.11528.read.1.tlog
C:\Users\TylerNocks\Desktop\Users\TylerNocks Files\Programs\C and C++\Sora Engine\Sora Engine 1.0 (Source)\Sora Engine 1.0 (Source)\Debug\link.11528.read.3.tlog
C:\Users\TylerNocks\Desktop\Users\TylerNocks Files\Programs\C and C++\Sora Engine\Sora Engine 1.0 (Source)\Sora Engine 1.0 (Source)\Debug\link.11528.write.1.tlog
C:\Users\TylerNocks\Desktop\Users\TylerNocks Files\Programs\C and C++\Sora Engine\Sora Engine 1.0 (Source)\Sora Engine 1.0 (Source)\Debug\link.7396-cvtres.read.1.tlog
C:\Users\TylerNocks\Desktop\Users\TylerNocks Files\Programs\C and C++\Sora Engine\Sora Engine 1.0 (Source)\Sora Engine 1.0 (Source)\Debug\link.7396-cvtres.write.1.tlog
C:\Users\TylerNocks\Desktop\Users\TylerNocks Files\Programs\C and C++\Sora Engine\Sora Engine 1.0 (Source)\Sora Engine 1.0 (Source)\Debug\link.7396-rc.read.1.tlog
C:\Users\TylerNocks\Desktop\Users\TylerNocks Files\Programs\C and C++\Sora Engine\Sora Engine 1.0 (Source)\Sora Engine 1.0 (Source)\Debug\link.7396-rc.write.1.tlog
C:\Users\TylerNocks\Desktop\Users\TylerNocks Files\Programs\C and C++\Sora Engine\Sora Engine 1.0 (Source)\Sora Engine 1.0 (Source)\Debug\link.7396.read.1.tlog
C:\Users\TylerNocks\Desktop\Users\TylerNocks Files\Programs\C and C++\Sora Engine\Sora Engine 1.0 (Source)\Sora Engine 1.0 (Source)\Debug\link.7396.read.3.tlog
C:\Users\TylerNocks\Desktop\Users\TylerNocks Files\Programs\C and C++\Sora Engine\Sora Engine 1.0 (Source)\Sora Engine 1.0 (Source)\Debug\link.7396.write.1.tlog
C:\Users\TylerNocks\Desktop\Users\TylerNocks Files\Programs\C and C++\Sora Engine\Sora Engine 1.0 (Source)\Sora Engine 1.0 (Source)\Debug\link.8628-cvtres.read.1.tlog
C:\Users\TylerNocks\Desktop\Users\TylerNocks Files\Programs\C and C++\Sora Engine\Sora Engine 1.0 (Source)\Sora Engine 1.0 (Source)\Debug\link.8628-cvtres.write.1.tlog
C:\Users\TylerNocks\Desktop\Users\TylerNocks Files\Programs\C and C++\Sora Engine\Sora Engine 1.0 (Source)\Sora Engine 1.0 (Source)\Debug\link.8628-rc.read.1.tlog
C:\Users\TylerNocks\Desktop\Users\TylerNocks Files\Programs\C and C++\Sora Engine\Sora Engine 1.0 (Source)\Sora Engine 1.0 (Source)\Debug\link.8628-rc.write.1.tlog
C:\Users\TylerNocks\Desktop\Users\TylerNocks Files\Programs\C and C++\Sora Engine\Sora Engine 1.0 (Source)\Sora Engine 1.0 (Source)\Debug\link.8628.read.1.tlog
C:\Users\TylerNocks\Desktop\Users\TylerNocks Files\Programs\C and C++\Sora Engine\Sora Engine 1.0 (Source)\Sora Engine 1.0 (Source)\Debug\link.8628.read.3.tlog
C:\Users\TylerNocks\Desktop\Users\TylerNocks Files\Programs\C and C++\Sora Engine\Sora Engine 1.0 (Source)\Sora Engine 1.0 (Source)\Debug\link.8628.write.1.tlog
C:\Users\TylerNocks\Desktop\Users\TylerNocks Files\Programs\C and C++\Sora Engine\Sora Engine 1.0 (Source)\Sora Engine 1.0 (Source)\Debug\link.9140-cvtres.read.1.tlog
C:\Users\TylerNocks\Desktop\Users\TylerNocks Files\Programs\C and C++\Sora Engine\Sora Engine 1.0 (Source)\Sora Engine 1.0 (Source)\Debug\link.9140-cvtres.write.1.tlog
C:\Users\TylerNocks\Desktop\Users\TylerNocks Files\Programs\C and C++\Sora Engine\Sora Engine 1.0 (Source)\Sora Engine 1.0 (Source)\Debug\link.9140-rc.read.1.tlog
C:\Users\TylerNocks\Desktop\Users\TylerNocks Files\Programs\C and C++\Sora Engine\Sora Engine 1.0 (Source)\Sora Engine 1.0 (Source)\Debug\link.9140-rc.write.1.tlog
C:\Users\TylerNocks\Desktop\Users\TylerNocks Files\Programs\C and C++\Sora Engine\Sora Engine 1.0 (Source)\Sora Engine 1.0 (Source)\Debug\link.9140.read.1.tlog
C:\Users\TylerNocks\Desktop\Users\TylerNocks Files\Programs\C and C++\Sora Engine\Sora Engine 1.0 (Source)\Sora Engine 1.0 (Source)\Debug\link.9140.read.3.tlog
C:\Users\TylerNocks\Desktop\Users\TylerNocks Files\Programs\C and C++\Sora Engine\Sora Engine 1.0 (Source)\Sora Engine 1.0 (Source)\Debug\link.9140.write.1.tlog
C:\Users\TylerNocks\Desktop\Users\TylerNocks Files\Programs\C and C++\Sora Engine\Sora Engine 1.0 (Source)\Sora Engine 1.0 (Source)\Debug\link.9852-cvtres.read.1.tlog
C:\Users\TylerNocks\Desktop\Users\TylerNocks Files\Programs\C and C++\Sora Engine\Sora Engine 1.0 (Source)\Sora Engine 1.0 (Source)\Debug\link.9852-cvtres.write.1.tlog
C:\Users\TylerNocks\Desktop\Users\TylerNocks Files\Programs\C and C++\Sora Engine\Sora Engine 1.0 (Source)\Sora Engine 1.0 (Source)\Debug\link.9852-rc.read.1.tlog
C:\Users\TylerNocks\Desktop\Users\TylerNocks Files\Programs\C and C++\Sora Engine\Sora Engine 1.0 (Source)\Sora Engine 1.0 (Source)\Debug\link.9852-rc.write.1.tlog
C:\Users\TylerNocks\Desktop\Users\TylerNocks Files\Programs\C and C++\Sora Engine\Sora Engine 1.0 (Source)\Sora Engine 1.0 (Source)\Debug\link.9852.read.1.tlog
C:\Users\TylerNocks\Desktop\Users\TylerNocks Files\Programs\C and C++\Sora Engine\Sora Engine 1.0 (Source)\Sora Engine 1.0 (Source)\Debug\link.9852.read.3.tlog
C:\Users\TylerNocks\Desktop\Users\TylerNocks Files\Programs\C and C++\Sora Engine\Sora Engine 1.0 (Source)\Sora Engine 1.0 (Source)\Debug\link.9852.write.1.tlog
C:\Users\TylerNocks\Desktop\Users\TylerNocks Files\Programs\C and C++\Sora Engine\Sora Engine 1.0 (Source)\Sora Engine 1.0 (Source)\Debug\link.9960-cvtres.read.1.tlog
C:\Users\TylerNocks\Desktop\Users\TylerNocks Files\Programs\C and C++\Sora Engine\Sora Engine 1.0 (Source)\Sora Engine 1.0 (Source)\Debug\link.9960-cvtres.write.1.tlog
C:\Users\TylerNocks\Desktop\Users\TylerNocks Files\Programs\C and C++\Sora Engine\Sora Engine 1.0 (Source)\Sora Engine 1.0 (Source)\Debug\link.9960-rc.read.1.tlog
C:\Users\TylerNocks\Desktop\Users\TylerNocks Files\Programs\C and C++\Sora Engine\Sora Engine 1.0 (Source)\Sora Engine 1.0 (Source)\Debug\link.9960-rc.write.1.tlog
C:\Users\TylerNocks\Desktop\Users\TylerNocks Files\Programs\C and C++\Sora Engine\Sora Engine 1.0 (Source)\Sora Engine 1.0 (Source)\Debug\link.9960.read.1.tlog
C:\Users\TylerNocks\Desktop\Users\TylerNocks Files\Programs\C and C++\Sora Engine\Sora Engine 1.0 (Source)\Sora Engine 1.0 (Source)\Debug\link.9960.read.3.tlog
C:\Users\TylerNocks\Desktop\Users\TylerNocks Files\Programs\C and C++\Sora Engine\Sora Engine 1.0 (Source)\Sora Engine 1.0 (Source)\Debug\link.9960.write.1.tlog
C:\Users\TylerNocks\Desktop\Users\TylerNocks Files\Programs\C and C++\Sora Engine\Sora Engine 1.0 (Source)\Sora Engine 1.0 (Source)\Debug\link.command.1.tlog
C:\Users\TylerNocks\Desktop\Users\TylerNocks Files\Programs\C and C++\Sora Engine\Sora Engine 1.0 (Source)\Sora Engine 1.0 (Source)\Debug\link.read.1.tlog
C:\Users\TylerNocks\Desktop\Users\TylerNocks Files\Programs\C and C++\Sora Engine\Sora Engine 1.0 (Source)\Sora Engine 1.0 (Source)\Debug\link.read.3.tlog
C:\Users\TylerNocks\Desktop\Users\TylerNocks Files\Programs\C and C++\Sora Engine\Sora Engine 1.0 (Source)\Sora Engine 1.0 (Source)\Debug\link.write.1.tlog
C:\Users\TylerNocks\Desktop\Users\TylerNocks Files\Programs\C and C++\Sora Engine\Sora Engine 1.0 (Source)\Sora Engine 1.0 (Source)\Debug\vc110.idb
C:\Users\TylerNocks\Desktop\Users\TylerNocks Files\Programs\C and C++\Sora Engine\Sora Engine 1.0 (Source)\Sora Engine 1.0 (Source)\Debug\vc110.pdb
C:\Users\TylerNocks\Desktop\Users\TylerNocks Files\Programs\C and C++\Sora Engine\Sora Engine 1.0 (Source)\Debug\Sora Engine 1.0 (Source).pdb
C:\Users\TylerNocks\Desktop\Users\TylerNocks Files\Programs\C and C++\Sora Engine\Sora Engine 1.0 (Source)\Debug\Sora Engine 1.0 (Source).exe
C:\Users\TylerNocks\Desktop\Users\TylerNocks Files\Programs\C and C++\Sora Engine\Sora Engine 1.0 (Source)\Debug\Sora Engine 1.0 (Source).ilk
